<?xml version="1.0" encoding="UTF-8"?>
<testsuite name="Cucumber" time="17.639" tests="2" skipped="0" failures="0" errors="0">
<testcase classname="Test Feature" name="Login Page - Example #1.1" time="7.893">
<system-out><![CDATA[
Given User navigate to: 'https://www.saucedemo.com/'........................passed
When User login with user: 'standard_user'..................................passed
And User complete with password: 'secret_sauce'.............................passed
And User click button "Login"...............................................passed
]]></system-out>
</testcase>
<testcase classname="Test Feature" name="Login Page - Example #1.2" time="9.487">
<system-out><![CDATA[
Given User navigate to: 'https://www.saucedemo.com/'........................passed
When User login with user: 'performance_glitch_user'........................passed
And User complete with password: 'secret_sauce'.............................passed
And User click button "Login"...............................................passed
]]></system-out>
</testcase>
</testsuite>
